[debug] [2020-05-05T09:18:39.559Z] ----------------------------------------------------------------------
[debug] [2020-05-05T09:18:39.563Z] Command:       D:\NodeJS\node.exe C:\Users\Salai Aung\AppData\Roaming\npm\node_modules\firebase-tools\lib\bin\firebase.js init
[debug] [2020-05-05T09:18:39.563Z] CLI Version:   8.2.0
[debug] [2020-05-05T09:18:39.563Z] Platform:      win32
[debug] [2020-05-05T09:18:39.564Z] Node Version:  v13.9.0
[debug] [2020-05-05T09:18:39.565Z] Time:          Tue May 05 2020 11:18:39 GMT+0200 (Central European Summer Time)
[debug] [2020-05-05T09:18:39.565Z] ----------------------------------------------------------------------
[debug] [2020-05-05T09:18:39.566Z] 
[debug] [2020-05-05T09:18:39.585Z] > command requires scopes: ["email","openid","https://www.googleapis.com/auth/cloudplatformprojects.readonly","https://www.googleapis.com/auth/firebase","https://www.googleapis.com/auth/cloud-platform"]
[debug] [2020-05-05T09:18:39.586Z] > authorizing via signed-in user
[info] 
     ######## #### ########  ######## ########     ###     ######  ########
     ##        ##  ##     ## ##       ##     ##  ##   ##  ##       ##
     ######    ##  ########  ######   ########  #########  ######  ######
     ##        ##  ##    ##  ##       ##     ## ##     ##       ## ##
     ##       #### ##     ## ######## ########  ##     ##  ######  ########

You're about to initialize a Firebase project in this directory:

  D:\VS code\Vue\Vueprojects\salai-shop

[info] 
=== Project Setup
[info] 
[info] First, let's associate this project directory with a Firebase project.
[info] You can create multiple project aliases by running firebase use --add, 
[info] but for now we'll just set up a default project.
[info] 
[debug] [2020-05-05T09:19:27.963Z] >>> HTTP REQUEST GET https://firebase.googleapis.com/v1beta1/projects?pageSize=100  
 
[debug] [2020-05-05T09:19:28.234Z] <<< HTTP RESPONSE 200 {"content-type":"application/json; charset=UTF-8","vary":"X-Origin, Referer, Origin,Accept-Encoding","date":"Tue, 05 May 2020 09:19:27 GMT","server":"ESF","cache-control":"private","x-xss-protection":"0","x-frame-options":"SAMEORIGIN","x-content-type-options":"nosniff","alt-svc":"h3-Q050=\":443\"; ma=2592000,h3-Q049=\":443\"; ma=2592000,h3-Q048=\":443\"; ma=2592000,h3-Q046=\":443\"; ma=2592000,h3-Q043=\":443\"; ma=2592000,quic=\":443\"; ma=2592000; v=\"46,43\"","accept-ranges":"none","transfer-encoding":"chunked"}
[info] i  Using project shop-login-abdc7 (shop-login)
[info] 
=== Database Setup
[info] 
[info] Firebase Realtime Database Rules allow you to define how your data should be
[info] structured and when your data can be read from and written to.
[info] 
[debug] [2020-05-05T09:19:49.222Z] >>> HTTP REQUEST GET https://shop-login-abdc7.firebaseio.com/.settings/rules.json  
 
[debug] [2020-05-05T09:19:49.803Z] <<< HTTP RESPONSE 200 {"server":"nginx","date":"Tue, 05 May 2020 09:19:48 GMT","content-type":"application/json; charset=utf-8","content-length":"161","connection":"keep-alive","access-control-allow-origin":"*","cache-control":"no-cache","strict-transport-security":"max-age=31556926; includeSubDomains; preload"}
[debug] [2020-05-05T09:19:49.903Z] Error: EISDIR: illegal operation on a directory, open 'D:\VS code\Vue\Vueprojects\salai-shop'
    at Object.openSync (fs.js:461:3)
    at Object.writeFileSync (fs.js:1302:35)
    at Config.writeProjectFile (C:\Users\Salai Aung\AppData\Roaming\npm\node_modules\firebase-tools\lib\config.js:155:8)
    at C:\Users\Salai Aung\AppData\Roaming\npm\node_modules\firebase-tools\lib\init\features\database.js:25:23
    at processTicksAndRejections (internal/process/task_queues.js:97:5)
[error] 
[error] Error: An unexpected error has occurred.
